Build started 12/6/2017 5:01:56 PM.
     1>Project "C:\Users\Uzair Ahmed Bhatti\Desktop\New folder\17L-4444 _ 17L-4010 _(4.0)\ConsoleApplication51\ConsoleApplication51.vcxproj" on node 2 (Build target(s)).
     1>ClCompile:
         C:\Program Files (x86)\Microsoft Visual Studio 14.0\VC\bin\CL.exe /c /ZI /nologo /W3 /WX- /sdl /Od /Oy- /D WIN32 /D _DEBUG /D _CONSOLE /D _LIB /D _UNICODE /D UNICODE /Gm /EHsc /RTC1 /MDd /GS /fp:precise /Zc:wchar_t /Zc:forScope /Zc:inline /Fo"Debug\\" /Fd"Debug\vc140.pdb" /Gd /TP /analyze- /errorReport:prompt main.cpp
         main.cpp
     1>c:\users\uzair ahmed bhatti\desktop\new folder\17l-4444 _ 17l-4010 _(4.0)\consoleapplication51\help.h(37): warning C4244: '=': conversion from 'SHORT' to 'char', possible loss of data
     1>c:\users\uzair ahmed bhatti\desktop\new folder\17l-4444 _ 17l-4010 _(4.0)\consoleapplication51\help.h(43): warning C4244: '=': conversion from 'SHORT' to 'char', possible loss of data
     1>c:\users\uzair ahmed bhatti\desktop\new folder\17l-4444 _ 17l-4010 _(4.0)\consoleapplication51\help.h(51): warning C4244: '=': conversion from 'SHORT' to 'char', possible loss of data
     1>c:\users\uzair ahmed bhatti\desktop\new folder\17l-4444 _ 17l-4010 _(4.0)\consoleapplication51\help.h(58): warning C4244: '=': conversion from 'SHORT' to 'char', possible loss of data
     1>c:\users\uzair ahmed bhatti\desktop\new folder\17l-4444 _ 17l-4010 _(4.0)\consoleapplication51\help.h(65): warning C4244: '=': conversion from 'SHORT' to 'char', possible loss of data
     1>c:\users\uzair ahmed bhatti\desktop\new folder\17l-4444 _ 17l-4010 _(4.0)\consoleapplication51\help.h(72): warning C4244: '=': conversion from 'SHORT' to 'char', possible loss of data
     1>c:\users\uzair ahmed bhatti\desktop\new folder\17l-4444 _ 17l-4010 _(4.0)\consoleapplication51\help.h(79): warning C4244: '=': conversion from 'SHORT' to 'char', possible loss of data
     1>c:\users\uzair ahmed bhatti\desktop\new folder\17l-4444 _ 17l-4010 _(4.0)\consoleapplication51\main.cpp(11): warning C4244: 'argument': conversion from 'time_t' to 'unsigned int', possible loss of data
     1>c:\users\uzair ahmed bhatti\desktop\new folder\17l-4444 _ 17l-4010 _(4.0)\consoleapplication51\main.cpp(20): warning C4101: 'n': unreferenced local variable
     1>c:\users\uzair ahmed bhatti\desktop\new folder\17l-4444 _ 17l-4010 _(4.0)\consoleapplication51\main.cpp(597): warning C4800: 'int': forcing value to bool 'true' or 'false' (performance warning)
     1>c:\users\uzair ahmed bhatti\desktop\new folder\17l-4444 _ 17l-4010 _(4.0)\consoleapplication51\main.cpp(659): warning C4101: 'row': unreferenced local variable
     1>c:\users\uzair ahmed bhatti\desktop\new folder\17l-4444 _ 17l-4010 _(4.0)\consoleapplication51\main.cpp(659): warning C4101: 'col': unreferenced local variable
     1>c:\users\uzair ahmed bhatti\desktop\new folder\17l-4444 _ 17l-4010 _(4.0)\consoleapplication51\main.cpp(657): warning C4101: 'cursor': unreferenced local variable
       Link:
         C:\Program Files (x86)\Microsoft Visual Studio 14.0\VC\bin\link.exe /ERRORREPORT:PROMPT /OUT:"C:\Users\Uzair Ahmed Bhatti\Desktop\New folder\17L-4444 _ 17L-4010 _(4.0)\Debug\ConsoleApplication51.exe" /INCREMENTAL /NOLOGO kernel32.lib user32.lib gdi32.lib winspool.lib comdlg32.lib advapi32.lib shell32.lib ole32.lib oleaut32.lib uuid.lib odbc32.lib odbccp32.lib /MANIFEST /MANIFESTUAC:"level='asInvoker' uiAccess='false'" /manifest:embed /Debug /PDB:"C:\Users\Uzair Ahmed Bhatti\Desktop\New folder\17L-4444 _ 17L-4010 _(4.0)\Debug\ConsoleApplication51.pdb" /SUBSYSTEM:CONSOLE /TLBID:1 /DYNAMICBASE /NXCOMPAT /IMPLIB:"C:\Users\Uzair Ahmed Bhatti\Desktop\New folder\17L-4444 _ 17L-4010 _(4.0)\Debug\ConsoleApplication51.lib" /MACHINE:X86 Debug\main.obj
         ConsoleApplication51.vcxproj -> C:\Users\Uzair Ahmed Bhatti\Desktop\New folder\17L-4444 _ 17L-4010 _(4.0)\Debug\ConsoleApplication51.exe
     1>Done Building Project "C:\Users\Uzair Ahmed Bhatti\Desktop\New folder\17L-4444 _ 17L-4010 _(4.0)\ConsoleApplication51\ConsoleApplication51.vcxproj" (Build target(s)).

Build succeeded.

Time Elapsed 00:00:01.56
